<?xml version="1.0" encoding="utf-8"?><testsuites><testsuite name="pytest" errors="0" failures="0" skipped="0" tests="4" time="12.605" timestamp="2024-03-12T00:12:03.336985" hostname="DESKTOP-SR7E9GH"><testcase classname="test_HomePage.TestHomePage" name="test_formSubmission[getdata0]" time="2.839" /><testcase classname="test_HomePage.TestHomePage" name="test_formSubmission[getdata1]" time="0.476" /><testcase classname="test_HomePage.TestHomePage" name="test_formSubmission[getdata2]" time="0.573" /><testcase classname="test_e2e.TestOne" name="test_e2e" time="8.667" /></testsuite></testsuites>